#-----------------------------------------------------------
# Vivado v2016.2 (64-bit)
# SW Build 1577090 on Thu Jun  2 16:32:40 MDT 2016
# IP Build 1577682 on Fri Jun  3 12:00:54 MDT 2016
# Start of session at: Sun Dec 30 19:43:10 2018
# Process ID: 9656
# Current directory: W:/Hardware/Homework/AXI_LCD/ip_repo
# Command line: vivado.exe -gui_launcher_event rodinguilauncherevent11596 W:\Hardware\Homework\AXI_LCD\ip_repo\edit_AXI_LCD_IP_1230_v1_0.xpr
# Log file: W:/Hardware/Homework/AXI_LCD/ip_repo/vivado.log
# Journal file: W:/Hardware/Homework/AXI_LCD/ip_repo\vivado.jou
#-----------------------------------------------------------start_gui
oopen_project W:/Hardware/Homework/AXI_LCD/ip_repo/edit_AXI_LCD_IP_1230_v1_0.xprScanning sources...
FFinished scanning sourcesWARNING: [filemgmt 56-3] IPUserFilesDir: Could not find the directory 'W:/Hardware/Homework/AXI_LCD/ip_repo/edit_AXI_LCD_IP_1230_v1_0.ip_user_files'.
IINFO: [IP_Flow 19-234] Refreshing IP repositoriesINFO: [IP_Flow 19-1700] Loaded user IP repository 'w:/Hardware/Homework/AXI_LCD/ip_repo/AXI_LCD_IP_1230_1.0'.
INFO: [IP_Flow 19-2313] Loaded Vivado IP repository 'E:/Program/Xilinx/Vivado/2016.2/data/ip'.
open_project: Time (s): cpu = 00:00:17 ; elapsed = 00:00:25 . Memory (MB): peak = 775.090 ; gain = 108.980
uupdate_compile_order -fileset sources_1eadd_files -norecurse W:/Hardware/Homework/AXI_LCD/ip_repo/AXI_LCD_IP_1230_1.0/hdl/core_LCD_Sender.v
update_compile_order -fileset sources_1
exit
INFO: [Common 17-206] Exiting Vivado at Sun Dec 30 19:56:35 2018...
